# JRE version: Java(TM) SE Runtime Environment 18.9 (11.0.15+8) (build 11.0.15+8-LTS-149)
# Java VM: Java HotSpot(TM) 64-Bit Server VM 18.9 (11.0.15+8-LTS-149, mixed mode, tiered, compressed oops, g1 gc, windows-amd64)
Heap:
 garbage-first heap   total 209920K, used 18711K [0x0000000080000000, 0x0000000100000000)
  region size 1024K, 10 young (10240K), 10 survivors (10240K)
 Metaspace       used 41339K, capacity 42864K, committed 42880K, reserved 1093632K
  class space    used 5380K, capacity 6003K, committed 6016K, reserved 1048576K
GC Heap History (10 events):
Event: 1.838 GC heap before
{Heap before GC invocations=5 (full 0):
 garbage-first heap   total 161792K, used 20954K [0x0000000080000000, 0x0000000100000000)
  region size 1024K, 15 young (15360K), 2 survivors (2048K)
 Metaspace       used 20503K, capacity 21186K, committed 21248K, reserved 1067008K
  class space    used 2471K, capacity 2804K, committed 2816K, reserved 1048576K
}
Event: 1.845 GC heap after
{Heap after GC invocations=6 (full 0):
 garbage-first heap   total 161792K, used 9085K [0x0000000080000000, 0x0000000100000000)
  region size 1024K, 2 young (2048K), 2 survivors (2048K)
 Metaspace       used 20503K, capacity 21186K, committed 21248K, reserved 1067008K
  class space    used 2471K, capacity 2804K, committed 2816K, reserved 1048576K
}
Event: 2.414 GC heap before
{Heap before GC invocations=7 (full 0):
 garbage-first heap   total 161792K, used 46973K [0x0000000080000000, 0x0000000100000000)
  region size 1024K, 40 young (40960K), 2 survivors (2048K)
 Metaspace       used 26161K, capacity 26979K, committed 27136K, reserved 1073152K
  class space    used 3190K, capacity 3548K, committed 3584K, reserved 1048576K
}
Event: 2.425 GC heap after
{Heap after GC invocations=8 (full 0):
 garbage-first heap   total 161792K, used 10425K [0x0000000080000000, 0x0000000100000000)
  region size 1024K, 4 young (4096K), 4 survivors (4096K)
 Metaspace       used 26161K, capacity 26979K, committed 27136K, reserved 1073152K
  class space    used 3190K, capacity 3548K, committed 3584K, reserved 1048576K
}
Event: 3.135 GC heap before
{Heap before GC invocations=8 (full 0):
 garbage-first heap   total 161792K, used 66745K [0x0000000080000000, 0x0000000100000000)
  region size 1024K, 59 young (60416K), 4 survivors (4096K)
 Metaspace       used 28052K, capacity 28963K, committed 29312K, reserved 1075200K
  class space    used 3445K, capacity 3841K, committed 3968K, reserved 1048576K
}
Event: 3.151 GC heap after
{Heap after GC invocations=9 (full 0):
 garbage-first heap   total 161792K, used 12116K [0x0000000080000000, 0x0000000100000000)
  region size 1024K, 5 young (5120K), 5 survivors (5120K)
 Metaspace       used 28052K, capacity 28963K, committed 29312K, reserved 1075200K
  class space    used 3445K, capacity 3841K, committed 3968K, reserved 1048576K
}
Event: 4.327 GC heap before
{Heap before GC invocations=9 (full 0):
 garbage-first heap   total 161792K, used 82772K [0x0000000080000000, 0x0000000100000000)
  region size 1024K, 75 young (76800K), 5 survivors (5120K)
 Metaspace       used 34591K, capacity 35706K, committed 35840K, reserved 1081344K
  class space    used 4445K, capacity 4903K, committed 4992K, reserved 1048576K
}
Event: 4.360 GC heap after
{Heap after GC invocations=10 (full 0):
 garbage-first heap   total 209920K, used 15177K [0x0000000080000000, 0x0000000100000000)
  region size 1024K, 8 young (8192K), 8 survivors (8192K)
 Metaspace       used 34591K, capacity 35706K, committed 35840K, reserved 1081344K
  class space    used 4445K, capacity 4903K, committed 4992K, reserved 1048576K
}
Event: 5.756 GC heap before
{Heap before GC invocations=11 (full 0):
 garbage-first heap   total 209920K, used 78665K [0x0000000080000000, 0x0000000100000000)
  region size 1024K, 71 young (72704K), 8 survivors (8192K)
 Metaspace       used 41339K, capacity 42864K, committed 42880K, reserved 1091584K
  class space    used 5380K, capacity 6003K, committed 6016K, reserved 1048576K
}
Event: 5.792 GC heap after
{Heap after GC invocations=12 (full 0):
 garbage-first heap   total 209920K, used 18711K [0x0000000080000000, 0x0000000100000000)
  region size 1024K, 10 young (10240K), 10 survivors (10240K)
 Metaspace       used 41339K, capacity 42864K, committed 42880K, reserved 1091584K
  class space    used 5380K, capacity 6003K, committed 6016K, reserved 1048576K
}

