# JRE version: Java(TM) SE Runtime Environment 18.9 (11.0.15+8) (build 11.0.15+8-LTS-149)
# Java VM: Java HotSpot(TM) 64-Bit Server VM 18.9 (11.0.15+8-LTS-149, mixed mode, tiered, compressed oops, g1 gc, windows-amd64)
Heap:
 garbage-first heap   total 211968K, used 15306K [0x0000000080000000, 0x0000000100000000)
  region size 1024K, 8 young (8192K), 8 survivors (8192K)
 Metaspace       used 34374K, capacity 35614K, committed 35840K, reserved 1081344K
  class space    used 4399K, capacity 4845K, committed 4864K, reserved 1048576K
GC Heap History (10 events):
Event: 1.374 GC heap after
{Heap after GC invocations=4 (full 0):
 garbage-first heap   total 131072K, used 7755K [0x0000000080000000, 0x0000000100000000)
  region size 1024K, 1 young (1024K), 1 survivors (1024K)
 Metaspace       used 15815K, capacity 16308K, committed 16640K, reserved 1064960K
  class space    used 1764K, capacity 1944K, committed 2048K, reserved 1048576K
}
Event: 1.726 GC heap before
{Heap before GC invocations=4 (full 0):
 garbage-first heap   total 131072K, used 29259K [0x0000000080000000, 0x0000000100000000)
  region size 1024K, 22 young (22528K), 1 survivors (1024K)
 Metaspace       used 18629K, capacity 19225K, committed 19328K, reserved 1067008K
  class space    used 2167K, capacity 2420K, committed 2432K, reserved 1048576K
}
Event: 1.733 GC heap after
{Heap after GC invocations=5 (full 0):
 garbage-first heap   total 159744K, used 8659K [0x0000000080000000, 0x0000000100000000)
  region size 1024K, 2 young (2048K), 2 survivors (2048K)
 Metaspace       used 18629K, capacity 19225K, committed 19328K, reserved 1067008K
  class space    used 2167K, capacity 2420K, committed 2432K, reserved 1048576K
}
Event: 1.916 GC heap before
{Heap before GC invocations=5 (full 0):
 garbage-first heap   total 159744K, used 19923K [0x0000000080000000, 0x0000000100000000)
  region size 1024K, 15 young (15360K), 2 survivors (2048K)
 Metaspace       used 20499K, capacity 21154K, committed 21248K, reserved 1067008K
  class space    used 2470K, capacity 2772K, committed 2816K, reserved 1048576K
}
Event: 1.924 GC heap after
{Heap after GC invocations=6 (full 0):
 garbage-first heap   total 159744K, used 9118K [0x0000000080000000, 0x0000000100000000)
  region size 1024K, 2 young (2048K), 2 survivors (2048K)
 Metaspace       used 20499K, capacity 21154K, committed 21248K, reserved 1067008K
  class space    used 2470K, capacity 2772K, committed 2816K, reserved 1048576K
}
Event: 2.558 GC heap before
{Heap before GC invocations=7 (full 0):
 garbage-first heap   total 159744K, used 50078K [0x0000000080000000, 0x0000000100000000)
  region size 1024K, 43 young (44032K), 2 survivors (2048K)
 Metaspace       used 26328K, capacity 27113K, committed 27392K, reserved 1073152K
  class space    used 3208K, capacity 3550K, committed 3584K, reserved 1048576K
}
Event: 2.573 GC heap after
{Heap after GC invocations=8 (full 0):
 garbage-first heap   total 159744K, used 10659K [0x0000000080000000, 0x0000000100000000)
  region size 1024K, 4 young (4096K), 4 survivors (4096K)
 Metaspace       used 26328K, capacity 27113K, committed 27392K, reserved 1073152K
  class space    used 3208K, capacity 3550K, committed 3584K, reserved 1048576K
}
Event: 3.407 GC heap before
{Heap before GC invocations=8 (full 0):
 garbage-first heap   total 159744K, used 70051K [0x0000000080000000, 0x0000000100000000)
  region size 1024K, 62 young (63488K), 4 survivors (4096K)
 Metaspace       used 28578K, capacity 29498K, committed 29568K, reserved 1075200K
  class space    used 3520K, capacity 3928K, committed 3968K, reserved 1048576K
}
Event: 3.424 GC heap after
{Heap after GC invocations=9 (full 0):
 garbage-first heap   total 159744K, used 12383K [0x0000000080000000, 0x0000000100000000)
  region size 1024K, 5 young (5120K), 5 survivors (5120K)
 Metaspace       used 28578K, capacity 29498K, committed 29568K, reserved 1075200K
  class space    used 3520K, capacity 3928K, committed 3968K, reserved 1048576K
}
Event: 4.632 GC heap before
{Heap before GC invocations=9 (full 0):
 garbage-first heap   total 159744K, used 75871K [0x0000000080000000, 0x0000000100000000)
  region size 1024K, 68 young (69632K), 5 survivors (5120K)
 Metaspace       used 34374K, capacity 35614K, committed 35840K, reserved 1081344K
  class space    used 4399K, capacity 4845K, committed 4864K, reserved 1048576K
}

